<?xml version="1.0" encoding="UTF-8"?>
<!-- Generated by org.testng.reporters.JUnitReportReporter -->
<testsuite hostname="DESKTOP-DE7NHV1" failures="0" tests="1" name="com.Nykaa.runner.NykaaTestNGcmd" time="1.412" errors="0" timestamp="2023-08-30T16:39:43 IST" skipped="0">
  <testcase classname="com.Nykaa.runner.NykaaTestNGcmd" name="Mobileno_enter" time="1.412"/>
  <system-out/>
</testsuite> <!-- com.Nykaa.runner.NykaaTestNGcmd -->
