<?xml version="1.0" encoding="UTF-8"?>
<!-- Generated by org.testng.reporters.JUnitReportReporter -->
<testsuite hostname="DESKTOP-DE7NHV1" failures="0" tests="1" name="com.america.washington.Httpsmethods" time="10.545" errors="0" timestamp="2023-08-23T22:24:16 IST" skipped="0">
  <testcase classname="com.america.washington.Httpsmethods" name="getuser" time="10.545"/>
  <system-out/>
</testsuite> <!-- com.america.washington.Httpsmethods -->
