<?xml version="1.0" encoding="UTF-8"?>
<!-- Generated by org.testng.reporters.JUnitReportReporter -->
<testsuite hostname="DESKTOP-DE7NHV1" failures="0" tests="1" name="com.america.washington.RequestMethods" time="3.688" errors="0" timestamp="2023-08-24T00:50:07 IST" skipped="0">
  <testcase classname="com.america.washington.RequestMethods" name="createRepo" time="3.688"/>
  <system-out/>
</testsuite> <!-- com.america.washington.RequestMethods -->
