<?xml version="1.0" encoding="UTF-8"?>
<!-- Generated by org.testng.reporters.JUnitReportReporter -->
<testsuite hostname="DESKTOP-DE7NHV1" failures="0" tests="1" name="Testng_samples.NewTest" time="0.011" errors="0" timestamp="14 Aug 2023 18:12:33 GMT" skipped="0">
  <testcase classname="Testng_samples.NewTest" name="main" time="0.011"/>
</testsuite> <!-- Testng_samples.NewTest -->
