<?xml version="1.0" encoding="UTF-8"?>
<!-- Generated by org.testng.reporters.JUnitReportReporter -->
<testsuite hostname="DESKTOP-DE7NHV1" failures="0" tests="1" name="com.Testng1.TCS002" time="0.672" errors="0" timestamp="14 Aug 2023 17:52:55 GMT" skipped="0">
  <testcase classname="com.Testng1.TCS002" name="ValidateTheHomePage" time="0.672"/>
</testsuite> <!-- com.Testng1.TCS002 -->
