<?xml version="1.0" encoding="UTF-8"?>
<!-- Generated by org.testng.reporters.JUnitReportReporter -->
<testsuite hostname="DESKTOP-DE7NHV1" failures="0" tests="1" name="com.Testng1.TCS001" time="0.028" errors="0" timestamp="14 Aug 2023 17:52:55 GMT" skipped="0">
  <testcase classname="com.Testng1.TCS001" name="ValidateTheHomePage" time="0.028"/>
</testsuite> <!-- com.Testng1.TCS001 -->
