<?xml version="1.0" encoding="UTF-8"?>
<!-- Generated by org.testng.reporters.JUnitReportReporter -->
<testsuite hostname="DESKTOP-DE7NHV1" failures="0" tests="1" name="com.Testng1.Tsc001" time="3.539" errors="0" timestamp="12 Aug 2023 17:47:28 GMT" skipped="0">
  <testcase classname="com.Testng1.Tsc001" name="browse" time="3.539"/>
</testsuite> <!-- com.Testng1.Tsc001 -->
